<?xml version="1.0" encoding="UTF-8"?>
<!-- Generated by org.testng.reporters.JUnitReportReporter -->
<testsuite hostname="Lenovo-PC" failures="0" tests="3" name="rough.ReadingDataDP1" time="0.021" errors="0" timestamp="2024-02-05T19:18:39 IST" skipped="0">
  <testcase classname="rough.ReadingDataDP1" name="testB" time="0.011"/>
  <testcase classname="rough.ReadingDataDP1" name="testB" time="0.004"/>
  <testcase classname="rough.ReadingDataDP1" name="testB" time="0.006"/>
</testsuite> <!-- rough.ReadingDataDP1 -->
