<?xml version="1.0" encoding="UTF-8"?>
<!-- Generated by org.testng.reporters.JUnitReportReporter -->
<testsuite hostname="Lenovo-PC" failures="0" tests="5" name="apiframework.CreateCustomerTest" time="9.305" errors="0" timestamp="2024-02-06T11:40:13 IST" skipped="0">
  <testcase classname="apiframework.CreateCustomerTest" name="validateCreateCustomerAPIWithInValidSecretKey" time="4.565"/>
  <testcase classname="apiframework.CreateCustomerTest" name="validateCreateCustomerAPIWithValidSecretKey" time="0.801"/>
  <testcase classname="apiframework.CreateCustomerTest" name="validateCreateCustomerAPIWithValidSecretKey" time="1.936"/>
  <testcase classname="apiframework.CreateCustomerTest" name="validateCreateCustomerAPIWithValidSecretKey" time="1.399"/>
  <testcase classname="apiframework.CreateCustomerTest" name="validateCreateCustomerAPIWithValidSecretKey" time="0.604"/>
</testsuite> <!-- apiframework.CreateCustomerTest -->
