<?xml version="1.0" encoding="UTF-8"?>
<!-- Generated by org.testng.reporters.JUnitReportReporter -->
<testsuite hostname="Lenovo-PC" failures="0" tests="3" name="rough.ReadingDataDP2" time="0.018" errors="0" timestamp="2024-02-05T19:54:55 IST" skipped="0">
  <testcase classname="rough.ReadingDataDP2" name="testA" time="0.011"/>
  <testcase classname="rough.ReadingDataDP2" name="testA" time="0.004"/>
  <testcase classname="rough.ReadingDataDP2" name="testA" time="0.003"/>
</testsuite> <!-- rough.ReadingDataDP2 -->
