<?xml version="1.0" encoding="UTF-8"?>
<!-- Generated by org.testng.reporters.JUnitReportReporter -->
<testsuite hostname="Lenovo-PC" failures="0" tests="5" name="apiframework.CreateCustomerTest" time="9.467" errors="0" timestamp="2024-02-06T15:55:43 IST" skipped="0">
  <testcase classname="apiframework.CreateCustomerTest" name="validateCreateCustomerAPIWithInValidSecretKey" time="4.493"/>
  <system-out/>
  <testcase classname="apiframework.CreateCustomerTest" name="validateCreateCustomerAPIWithValidSecretKey" time="0.659"/>
  <system-out/>
  <testcase classname="apiframework.CreateCustomerTest" name="validateCreateCustomerAPIWithValidSecretKey" time="0.683"/>
  <system-out/>
  <testcase classname="apiframework.CreateCustomerTest" name="validateCreateCustomerAPIWithValidSecretKey" time="2.633"/>
  <system-out/>
  <testcase classname="apiframework.CreateCustomerTest" name="validateCreateCustomerAPIWithValidSecretKey" time="0.999"/>
  <system-out/>
</testsuite> <!-- apiframework.CreateCustomerTest -->
